This file contains any messages produced by compilers while
running configure, to aid debugging if configure makes a mistake.

It was created by g2hec-lib configure 1.0.1, which was
generated by GNU Autoconf 2.69.  Invocation command line was

  $ ./configure --prefix=/tmp/tmp.EeHbMbeQjO LDFLAGS=-L/tmp/tmp.EeHbMbeQjO/lib CXXFLAGS=-I/tmp/tmp.EeHbMbeQjO/include --no-create --no-recursion

## --------- ##
## Platform. ##
## --------- ##

hostname = el18018-VirtualBox
uname -m = x86_64
uname -r = 5.15.0-69-generic
uname -s = Linux
uname -v = #76~20.04.1-Ubuntu SMP Mon Mar 20 15:54:19 UTC 2023

/usr/bin/uname -p = x86_64
/bin/uname -X     = unknown

/bin/arch              = x86_64
/usr/bin/arch -k       = unknown
/usr/convex/getsysinfo = unknown
/usr/bin/hostinfo      = unknown
/bin/machine           = unknown
/usr/bin/oslevel       = unknown
/bin/universe          = unknown

PATH: /home/el18018/.local/bin
PATH: /home/el18018/.local/bin
PATH: /usr/local/sbin
PATH: /usr/local/bin
PATH: /usr/sbin
PATH: /usr/bin
PATH: /sbin
PATH: /bin
PATH: /usr/games
PATH: /usr/local/games
PATH: /snap/bin


## ----------- ##
## Core tests. ##
## ----------- ##

configure:2144: checking for a BSD-compatible install
configure:2212: result: /usr/bin/install -c
configure:2223: checking whether build environment is sane
configure:2278: result: yes
configure:2427: checking for a thread-safe mkdir -p
configure:2466: result: /usr/bin/mkdir -p
configure:2473: checking for gawk
configure:2503: result: no
configure:2473: checking for mawk
configure:2489: found /usr/bin/mawk
configure:2500: result: mawk
configure:2511: checking whether make sets $(MAKE)
configure:2533: result: yes
configure:2562: checking whether make supports nested variables
configure:2579: result: yes
configure:2759: checking for gcc
configure:2775: found /usr/bin/gcc
configure:2786: result: gcc
configure:3015: checking for C compiler version
configure:3024: gcc --version >&5
gcc (Ubuntu 9.4.0-1ubuntu1~20.04.1) 9.4.0
Copyright (C) 2019 Free Software Foundation, Inc.
This is free software; see the source for copying conditions.  There is NO
warranty; not even for MERCHANTABILITY or FITNESS FOR A PARTICULAR PURPOSE.

configure:3035: $? = 0
configure:3024: gcc -v >&5
Using built-in specs.
COLLECT_GCC=gcc
COLLECT_LTO_WRAPPER=/usr/lib/gcc/x86_64-linux-gnu/9/lto-wrapper
OFFLOAD_TARGET_NAMES=nvptx-none:hsa
OFFLOAD_TARGET_DEFAULT=1
Target: x86_64-linux-gnu
Configured with: ../src/configure -v --with-pkgversion='Ubuntu 9.4.0-1ubuntu1~20.04.1' --with-bugurl=file:///usr/share/doc/gcc-9/README.Bugs --enable-languages=c,ada,c++,go,brig,d,fortran,objc,obj-c++,gm2 --prefix=/usr --with-gcc-major-version-only --program-suffix=-9 --program-prefix=x86_64-linux-gnu- --enable-shared --enable-linker-build-id --libexecdir=/usr/lib --without-included-gettext --enable-threads=posix --libdir=/usr/lib --enable-nls --enable-clocale=gnu --enable-libstdcxx-debug --enable-libstdcxx-time=yes --with-default-libstdcxx-abi=new --enable-gnu-unique-object --disable-vtable-verify --enable-plugin --enable-default-pie --with-system-zlib --with-target-system-zlib=auto --enable-objc-gc=auto --enable-multiarch --disable-werror --with-arch-32=i686 --with-abi=m64 --with-multilib-list=m32,m64,mx32 --enable-multilib --with-tune=generic --enable-offload-targets=nvptx-none=/build/gcc-9-Av3uEd/gcc-9-9.4.0/debian/tmp-nvptx/usr,hsa --without-cuda-driver --enable-checking=release --build=x86_64-linux-gnu --host=x86_64-linux-gnu --target=x86_64-linux-gnu
Thread model: posix
gcc version 9.4.0 (Ubuntu 9.4.0-1ubuntu1~20.04.1) 
configure:3035: $? = 0
configure:3024: gcc -V >&5
gcc: error: unrecognized command line option '-V'
gcc: fatal error: no input files
compilation terminated.
configure:3035: $? = 1
configure:3024: gcc -qversion >&5
gcc: error: unrecognized command line option '-qversion'; did you mean '--version'?
gcc: fatal error: no input files
compilation terminated.
configure:3035: $? = 1
configure:3055: checking whether the C compiler works
configure:3077: gcc   -L/tmp/tmp.EeHbMbeQjO/lib conftest.c  >&5
configure:3081: $? = 0
configure:3129: result: yes
configure:3132: checking for C compiler default output file name
configure:3134: result: a.out
configure:3140: checking for suffix of executables
configure:3147: gcc -o conftest   -L/tmp/tmp.EeHbMbeQjO/lib conftest.c  >&5
configure:3151: $? = 0
configure:3173: result: 
configure:3195: checking whether we are cross compiling
configure:3203: gcc -o conftest   -L/tmp/tmp.EeHbMbeQjO/lib conftest.c  >&5
configure:3207: $? = 0
configure:3214: ./conftest
configure:3218: $? = 0
configure:3206: result: no
configure:3211: checking for suffix of object files
configure:3233: gcc -c   conftest.c >&5
configure:3237: $? = 0
configure:3258: result: o
configure:3262: checking whether we are using the GNU C compiler
configure:3281: gcc -c   conftest.c >&5
configure:3281: $? = 0
configure:3290: result: yes
configure:3299: checking whether gcc accepts -g
configure:3319: gcc -c -g  conftest.c >&5
configure:3319: $? = 0
configure:3360: result: yes
configure:3377: checking for gcc option to accept ISO C89
configure:3440: gcc  -c -g -O2  conftest.c >&5
configure:3440: $? = 0
configure:3453: result: none needed
configure:3478: checking whether gcc understands -c and -o together
configure:3500: gcc -c conftest.c -o conftest2.o
configure:3503: $? = 0
configure:3500: gcc -c conftest.c -o conftest2.o
configure:3503: $? = 0
configure:3515: result: yes
configure:3535: checking whether make supports the include directive
configure:3550: make -f confmf.GNU && cat confinc.out
make[4]: Entering directory '/home/el18018/Desktop/libg2hec'
make[4]: Leaving directory '/home/el18018/Desktop/libg2hec'
this is the am__doit target
configure:3553: $? = 0
configure:3572: result: yes (GNU style)
configure:3597: checking dependency style of gcc
configure:3708: result: gcc3
configure:3781: checking for g++
configure:3797: found /usr/bin/g++
configure:3808: result: g++
configure:3835: checking for C++ compiler version
configure:3844: g++ --version >&5
g++ (Ubuntu 9.4.0-1ubuntu1~20.04.1) 9.4.0
Copyright (C) 2019 Free Software Foundation, Inc.
This is free software; see the source for copying conditions.  There is NO
warranty; not even for MERCHANTABILITY or FITNESS FOR A PARTICULAR PURPOSE.

configure:3855: $? = 0
configure:3844: g++ -v >&5
Using built-in specs.
COLLECT_GCC=g++
COLLECT_LTO_WRAPPER=/usr/lib/gcc/x86_64-linux-gnu/9/lto-wrapper
OFFLOAD_TARGET_NAMES=nvptx-none:hsa
OFFLOAD_TARGET_DEFAULT=1
Target: x86_64-linux-gnu
Configured with: ../src/configure -v --with-pkgversion='Ubuntu 9.4.0-1ubuntu1~20.04.1' --with-bugurl=file:///usr/share/doc/gcc-9/README.Bugs --enable-languages=c,ada,c++,go,brig,d,fortran,objc,obj-c++,gm2 --prefix=/usr --with-gcc-major-version-only --program-suffix=-9 --program-prefix=x86_64-linux-gnu- --enable-shared --enable-linker-build-id --libexecdir=/usr/lib --without-included-gettext --enable-threads=posix --libdir=/usr/lib --enable-nls --enable-clocale=gnu --enable-libstdcxx-debug --enable-libstdcxx-time=yes --with-default-libstdcxx-abi=new --enable-gnu-unique-object --disable-vtable-verify --enable-plugin --enable-default-pie --with-system-zlib --with-target-system-zlib=auto --enable-objc-gc=auto --enable-multiarch --disable-werror --with-arch-32=i686 --with-abi=m64 --with-multilib-list=m32,m64,mx32 --enable-multilib --with-tune=generic --enable-offload-targets=nvptx-none=/build/gcc-9-Av3uEd/gcc-9-9.4.0/debian/tmp-nvptx/usr,hsa --without-cuda-driver --enable-checking=release --build=x86_64-linux-gnu --host=x86_64-linux-gnu --target=x86_64-linux-gnu
Thread model: posix
gcc version 9.4.0 (Ubuntu 9.4.0-1ubuntu1~20.04.1) 
configure:3855: $? = 0
configure:3844: g++ -V >&5
g++: error: unrecognized command line option '-V'
g++: fatal error: no input files
compilation terminated.
configure:3855: $? = 1
configure:3844: g++ -qversion >&5
g++: error: unrecognized command line option '-qversion'; did you mean '--version'?
g++: fatal error: no input files
compilation terminated.
configure:3855: $? = 1
configure:3859: checking whether we are using the GNU C++ compiler
configure:3878: g++ -c -I/tmp/tmp.EeHbMbeQjO/include  conftest.cpp >&5
configure:3878: $? = 0
configure:3887: result: yes
configure:3896: checking whether g++ accepts -g
configure:3916: g++ -c -g  conftest.cpp >&5
configure:3916: $? = 0
configure:3957: result: yes
configure:3982: checking dependency style of g++
configure:4093: result: gcc3
configure:4108: checking whether make sets $(MAKE)
configure:4130: result: yes
configure:4182: checking for ranlib
configure:4198: found /usr/bin/ranlib
configure:4209: result: ranlib
configure:4246: checking for library containing __gmpz_init
configure:4277: g++ -o conftest -I/tmp/tmp.EeHbMbeQjO/include  -I/usr/local/include -L/tmp/tmp.EeHbMbeQjO/lib conftest.cpp  -L/usr/local/lib >&5
/usr/bin/ld: /tmp/ccsU1uBE.o: in function `main':
conftest.cpp:(.text+0x9): undefined reference to `__gmpz_init'
collect2: error: ld returned 1 exit status
configure:4277: $? = 1
configure: failed program was:
| /* confdefs.h */
| #define PACKAGE_NAME "g2hec-lib"
| #define PACKAGE_TARNAME "g2hec-lib"
| #define PACKAGE_VERSION "1.0.1"
| #define PACKAGE_STRING "g2hec-lib 1.0.1"
| #define PACKAGE_BUGREPORT "Ning Shang <geek@cerias.net>"
| #define PACKAGE_URL ""
| #define PACKAGE "g2hec-lib"
| #define VERSION "1.0.1"
| /* end confdefs.h.  */
| 
| /* Override any GCC internal prototype to avoid an error.
|    Use char because int might match the return type of a GCC
|    builtin and then its argument prototype would still apply.  */
| #ifdef __cplusplus
| extern "C"
| #endif
| char __gmpz_init ();
| int
| main ()
| {
| return __gmpz_init ();
|   ;
|   return 0;
| }
configure:4277: g++ -o conftest -I/tmp/tmp.EeHbMbeQjO/include  -I/usr/local/include -L/tmp/tmp.EeHbMbeQjO/lib conftest.cpp -lgmp   -L/usr/local/lib >&5
configure:4277: $? = 0
configure:4294: result: -lgmp
configure:4303: checking for library containing pow
configure:4334: g++ -o conftest -I/tmp/tmp.EeHbMbeQjO/include  -I/usr/local/include -L/tmp/tmp.EeHbMbeQjO/lib conftest.cpp -lgmp  -L/usr/local/lib >&5
conftest.cpp:18:6: warning: declaration of 'char pow()' conflicts with built-in declaration 'double pow(double, double)' [-Wbuiltin-declaration-mismatch]
   18 | char pow ();
      |      ^~~
configure:4334: $? = 0
configure:4351: result: none required
configure:4360: checking for library containing FFT
configure:4391: g++ -o conftest -I/tmp/tmp.EeHbMbeQjO/include  -I/usr/local/include -L/tmp/tmp.EeHbMbeQjO/lib conftest.cpp -lgmp  -L/usr/local/lib >&5
/usr/bin/ld: /tmp/ccmOSu1Q.o: in function `main':
conftest.cpp:(.text+0x9): undefined reference to `FFT'
collect2: error: ld returned 1 exit status
configure:4391: $? = 1
configure: failed program was:
| /* confdefs.h */
| #define PACKAGE_NAME "g2hec-lib"
| #define PACKAGE_TARNAME "g2hec-lib"
| #define PACKAGE_VERSION "1.0.1"
| #define PACKAGE_STRING "g2hec-lib 1.0.1"
| #define PACKAGE_BUGREPORT "Ning Shang <geek@cerias.net>"
| #define PACKAGE_URL ""
| #define PACKAGE "g2hec-lib"
| #define VERSION "1.0.1"
| /* end confdefs.h.  */
| 
| /* Override any GCC internal prototype to avoid an error.
|    Use char because int might match the return type of a GCC
|    builtin and then its argument prototype would still apply.  */
| #ifdef __cplusplus
| extern "C"
| #endif
| char FFT ();
| int
| main ()
| {
| return FFT ();
|   ;
|   return 0;
| }
configure:4391: g++ -o conftest -I/tmp/tmp.EeHbMbeQjO/include  -I/usr/local/include -L/tmp/tmp.EeHbMbeQjO/lib conftest.cpp -lntl  -lgmp  -L/usr/local/lib >&5
/usr/bin/ld: cannot find -lntl
collect2: error: ld returned 1 exit status
configure:4391: $? = 1
configure: failed program was:
| /* confdefs.h */
| #define PACKAGE_NAME "g2hec-lib"
| #define PACKAGE_TARNAME "g2hec-lib"
| #define PACKAGE_VERSION "1.0.1"
| #define PACKAGE_STRING "g2hec-lib 1.0.1"
| #define PACKAGE_BUGREPORT "Ning Shang <geek@cerias.net>"
| #define PACKAGE_URL ""
| #define PACKAGE "g2hec-lib"
| #define VERSION "1.0.1"
| /* end confdefs.h.  */
| 
| /* Override any GCC internal prototype to avoid an error.
|    Use char because int might match the return type of a GCC
|    builtin and then its argument prototype would still apply.  */
| #ifdef __cplusplus
| extern "C"
| #endif
| char FFT ();
| int
| main ()
| {
| return FFT ();
|   ;
|   return 0;
| }
configure:4408: result: no
configure:4443: checking how to run the C++ preprocessor
configure:4470: g++ -E  -I/usr/local/include conftest.cpp
configure:4470: $? = 0
configure:4484: g++ -E  -I/usr/local/include conftest.cpp
conftest.cpp:11:10: fatal error: ac_nonexistent.h: No such file or directory
   11 | #include <ac_nonexistent.h>
      |          ^~~~~~~~~~~~~~~~~~
compilation terminated.
configure:4484: $? = 1
configure: failed program was:
| /* confdefs.h */
| #define PACKAGE_NAME "g2hec-lib"
| #define PACKAGE_TARNAME "g2hec-lib"
| #define PACKAGE_VERSION "1.0.1"
| #define PACKAGE_STRING "g2hec-lib 1.0.1"
| #define PACKAGE_BUGREPORT "Ning Shang <geek@cerias.net>"
| #define PACKAGE_URL ""
| #define PACKAGE "g2hec-lib"
| #define VERSION "1.0.1"
| /* end confdefs.h.  */
| #include <ac_nonexistent.h>
configure:4509: result: g++ -E
configure:4529: g++ -E  -I/usr/local/include conftest.cpp
configure:4529: $? = 0
configure:4543: g++ -E  -I/usr/local/include conftest.cpp
conftest.cpp:11:10: fatal error: ac_nonexistent.h: No such file or directory
   11 | #include <ac_nonexistent.h>
      |          ^~~~~~~~~~~~~~~~~~
compilation terminated.
configure:4543: $? = 1
configure: failed program was:
| /* confdefs.h */
| #define PACKAGE_NAME "g2hec-lib"
| #define PACKAGE_TARNAME "g2hec-lib"
| #define PACKAGE_VERSION "1.0.1"
| #define PACKAGE_STRING "g2hec-lib 1.0.1"
| #define PACKAGE_BUGREPORT "Ning Shang <geek@cerias.net>"
| #define PACKAGE_URL ""
| #define PACKAGE "g2hec-lib"
| #define VERSION "1.0.1"
| /* end confdefs.h.  */
| #include <ac_nonexistent.h>
configure:4572: checking for grep that handles long lines and -e
configure:4630: result: /usr/bin/grep
configure:4635: checking for egrep
configure:4697: result: /usr/bin/grep -E
configure:4702: checking for ANSI C header files
configure:4722: g++ -c -I/tmp/tmp.EeHbMbeQjO/include  -I/usr/local/include conftest.cpp >&5
configure:4722: $? = 0
configure:4795: g++ -o conftest -I/tmp/tmp.EeHbMbeQjO/include  -I/usr/local/include -L/tmp/tmp.EeHbMbeQjO/lib conftest.cpp -lgmp  -L/usr/local/lib >&5
configure:4795: $? = 0
configure:4795: ./conftest
configure:4795: $? = 0
configure:4806: result: yes
configure:4819: checking for sys/types.h
configure:4819: g++ -c -I/tmp/tmp.EeHbMbeQjO/include  -I/usr/local/include conftest.cpp >&5
configure:4819: $? = 0
configure:4819: result: yes
configure:4819: checking for sys/stat.h
configure:4819: g++ -c -I/tmp/tmp.EeHbMbeQjO/include  -I/usr/local/include conftest.cpp >&5
configure:4819: $? = 0
configure:4819: result: yes
configure:4819: checking for stdlib.h
configure:4819: g++ -c -I/tmp/tmp.EeHbMbeQjO/include  -I/usr/local/include conftest.cpp >&5
configure:4819: $? = 0
configure:4819: result: yes
configure:4819: checking for string.h
configure:4819: g++ -c -I/tmp/tmp.EeHbMbeQjO/include  -I/usr/local/include conftest.cpp >&5
configure:4819: $? = 0
configure:4819: result: yes
configure:4819: checking for memory.h
configure:4819: g++ -c -I/tmp/tmp.EeHbMbeQjO/include  -I/usr/local/include conftest.cpp >&5
configure:4819: $? = 0
configure:4819: result: yes
configure:4819: checking for strings.h
configure:4819: g++ -c -I/tmp/tmp.EeHbMbeQjO/include  -I/usr/local/include conftest.cpp >&5
configure:4819: $? = 0
configure:4819: result: yes
configure:4819: checking for inttypes.h
configure:4819: g++ -c -I/tmp/tmp.EeHbMbeQjO/include  -I/usr/local/include conftest.cpp >&5
configure:4819: $? = 0
configure:4819: result: yes
configure:4819: checking for stdint.h
configure:4819: g++ -c -I/tmp/tmp.EeHbMbeQjO/include  -I/usr/local/include conftest.cpp >&5
configure:4819: $? = 0
configure:4819: result: yes
configure:4819: checking for unistd.h
configure:4819: g++ -c -I/tmp/tmp.EeHbMbeQjO/include  -I/usr/local/include conftest.cpp >&5
configure:4819: $? = 0
configure:4819: result: yes
configure:4831: checking for stdbool.h that conforms to C99
configure:4898: g++ -c -I/tmp/tmp.EeHbMbeQjO/include  -I/usr/local/include conftest.cpp >&5
conftest.cpp:24:15: error: expected unqualified-id before string constant
   24 |               "error: bool is not defined"
      |               ^~~~~~~~~~~~~~~~~~~~~~~~~~~~
conftest.cpp:42:48: error: 's' does not name a type
   42 |              struct s { _Bool s: 1; _Bool t; } s;
      |                                                ^
conftest.cpp:52:28: error: 's' was not declared in this scope
   52 |              char i[sizeof s.t];
      |                            ^
conftest.cpp: In function 'int main()':
conftest.cpp:70:24: error: 's' was not declared in this scope
   70 |              bool e = &s;
      |                        ^
conftest.cpp:74:63: error: 'i' was not declared in this scope
   74 |              return (!a + !b + !c + !d + !e + !f + !g + !h + !i + !!j + !k + !!l
      |                                                               ^
configure:4898: $? = 1
configure: failed program was:
| /* confdefs.h */
| #define PACKAGE_NAME "g2hec-lib"
| #define PACKAGE_TARNAME "g2hec-lib"
| #define PACKAGE_VERSION "1.0.1"
| #define PACKAGE_STRING "g2hec-lib 1.0.1"
| #define PACKAGE_BUGREPORT "Ning Shang <geek@cerias.net>"
| #define PACKAGE_URL ""
| #define PACKAGE "g2hec-lib"
| #define VERSION "1.0.1"
| #define STDC_HEADERS 1
| #define HAVE_SYS_TYPES_H 1
| #define HAVE_SYS_STAT_H 1
| #define HAVE_STDLIB_H 1
| #define HAVE_STRING_H 1
| #define HAVE_MEMORY_H 1
| #define HAVE_STRINGS_H 1
| #define HAVE_INTTYPES_H 1
| #define HAVE_STDINT_H 1
| #define HAVE_UNISTD_H 1
| /* end confdefs.h.  */
| 
|              #include <stdbool.h>
|              #ifndef bool
|               "error: bool is not defined"
|              #endif
|              #ifndef false
|               "error: false is not defined"
|              #endif
|              #if false
|               "error: false is not 0"
|              #endif
|              #ifndef true
|               "error: true is not defined"
|              #endif
|              #if true != 1
|               "error: true is not 1"
|              #endif
|              #ifndef __bool_true_false_are_defined
|               "error: __bool_true_false_are_defined is not defined"
|              #endif
| 
|              struct s { _Bool s: 1; _Bool t; } s;
| 
|              char a[true == 1 ? 1 : -1];
|              char b[false == 0 ? 1 : -1];
|              char c[__bool_true_false_are_defined == 1 ? 1 : -1];
|              char d[(bool) 0.5 == true ? 1 : -1];
|              /* See body of main program for 'e'.  */
|              char f[(_Bool) 0.0 == false ? 1 : -1];
|              char g[true];
|              char h[sizeof (_Bool)];
|              char i[sizeof s.t];
|              enum { j = false, k = true, l = false * true, m = true * 256 };
|              /* The following fails for
|                 HP aC++/ANSI C B3910B A.05.55 [Dec 04 2003]. */
|              _Bool n[m];
|              char o[sizeof n == m * sizeof n[0] ? 1 : -1];
|              char p[-1 - (_Bool) 0 < 0 && -1 - (bool) 0 < 0 ? 1 : -1];
|              /* Catch a bug in an HP-UX C compiler.  See
|                 http://gcc.gnu.org/ml/gcc-patches/2003-12/msg02303.html
|                 http://lists.gnu.org/archive/html/bug-coreutils/2005-11/msg00161.html
|               */
|              _Bool q = true;
|              _Bool *pq = &q;
| 
| int
| main ()
| {
| 
|              bool e = &s;
|              *pq |= q;
|              *pq |= ! q;
|              /* Refer to every declared value, to avoid compiler optimizations.  */
|              return (!a + !b + !c + !d + !e + !f + !g + !h + !i + !!j + !k + !!l
|                      + !m + !n + !o + !p + !q + !pq);
| 
|   ;
|   return 0;
| }
configure:4905: result: no
configure:4907: checking for _Bool
configure:4907: g++ -c -I/tmp/tmp.EeHbMbeQjO/include  -I/usr/local/include conftest.cpp >&5
conftest.cpp: In function 'int main()':
conftest.cpp:57:13: error: '_Bool' was not declared in this scope
   57 | if (sizeof (_Bool))
      |             ^~~~~
configure:4907: $? = 1
configure: failed program was:
| /* confdefs.h */
| #define PACKAGE_NAME "g2hec-lib"
| #define PACKAGE_TARNAME "g2hec-lib"
| #define PACKAGE_VERSION "1.0.1"
| #define PACKAGE_STRING "g2hec-lib 1.0.1"
| #define PACKAGE_BUGREPORT "Ning Shang <geek@cerias.net>"
| #define PACKAGE_URL ""
| #define PACKAGE "g2hec-lib"
| #define VERSION "1.0.1"
| #define STDC_HEADERS 1
| #define HAVE_SYS_TYPES_H 1
| #define HAVE_SYS_STAT_H 1
| #define HAVE_STDLIB_H 1
| #define HAVE_STRING_H 1
| #define HAVE_MEMORY_H 1
| #define HAVE_STRINGS_H 1
| #define HAVE_INTTYPES_H 1
| #define HAVE_STDINT_H 1
| #define HAVE_UNISTD_H 1
| /* end confdefs.h.  */
| #include <stdio.h>
| #ifdef HAVE_SYS_TYPES_H
| # include <sys/types.h>
| #endif
| #ifdef HAVE_SYS_STAT_H
| # include <sys/stat.h>
| #endif
| #ifdef STDC_HEADERS
| # include <stdlib.h>
| # include <stddef.h>
| #else
| # ifdef HAVE_STDLIB_H
| #  include <stdlib.h>
| # endif
| #endif
| #ifdef HAVE_STRING_H
| # if !defined STDC_HEADERS && defined HAVE_MEMORY_H
| #  include <memory.h>
| # endif
| # include <string.h>
| #endif
| #ifdef HAVE_STRINGS_H
| # include <strings.h>
| #endif
| #ifdef HAVE_INTTYPES_H
| # include <inttypes.h>
| #endif
| #ifdef HAVE_STDINT_H
| # include <stdint.h>
| #endif
| #ifdef HAVE_UNISTD_H
| # include <unistd.h>
| #endif
| int
| main ()
| {
| if (sizeof (_Bool))
| 	 return 0;
|   ;
|   return 0;
| }
configure:4907: result: no
configure:4924: checking for an ANSI C-conforming const
configure:4990: g++ -c -I/tmp/tmp.EeHbMbeQjO/include  -I/usr/local/include conftest.cpp >&5
configure:4990: $? = 0
configure:4997: result: yes
configure:5005: checking for inline
configure:5021: g++ -c -I/tmp/tmp.EeHbMbeQjO/include  -I/usr/local/include conftest.cpp >&5
configure:5021: $? = 0
configure:5029: result: inline
configure:5052: checking for makeinfo
configure:5068: found /usr/bin/makeinfo
configure:5080: result: yes
configure:5196: checking that generated files are newer than configure
configure:5202: result: done
configure:5229: creating ./config.status

## ---------------- ##
## Cache variables. ##
## ---------------- ##

ac_cv_c_compiler_gnu=yes
ac_cv_c_const=yes
ac_cv_c_inline=inline
ac_cv_cxx_compiler_gnu=yes
ac_cv_env_CCC_set=
ac_cv_env_CCC_value=
ac_cv_env_CC_set=
ac_cv_env_CC_value=
ac_cv_env_CFLAGS_set=
ac_cv_env_CFLAGS_value=
ac_cv_env_CPPFLAGS_set=
ac_cv_env_CPPFLAGS_value=
ac_cv_env_CXXCPP_set=
ac_cv_env_CXXCPP_value=
ac_cv_env_CXXFLAGS_set=set
ac_cv_env_CXXFLAGS_value=-I/tmp/tmp.EeHbMbeQjO/include
ac_cv_env_CXX_set=
ac_cv_env_CXX_value=
ac_cv_env_LDFLAGS_set=set
ac_cv_env_LDFLAGS_value=-L/tmp/tmp.EeHbMbeQjO/lib
ac_cv_env_LIBS_set=
ac_cv_env_LIBS_value=
ac_cv_env_build_alias_set=
ac_cv_env_build_alias_value=
ac_cv_env_host_alias_set=
ac_cv_env_host_alias_value=
ac_cv_env_target_alias_set=
ac_cv_env_target_alias_value=
ac_cv_header_inttypes_h=yes
ac_cv_header_memory_h=yes
ac_cv_header_stdbool_h=no
ac_cv_header_stdc=yes
ac_cv_header_stdint_h=yes
ac_cv_header_stdlib_h=yes
ac_cv_header_string_h=yes
ac_cv_header_strings_h=yes
ac_cv_header_sys_stat_h=yes
ac_cv_header_sys_types_h=yes
ac_cv_header_unistd_h=yes
ac_cv_objext=o
ac_cv_path_EGREP='/usr/bin/grep -E'
ac_cv_path_GREP=/usr/bin/grep
ac_cv_path_install='/usr/bin/install -c'
ac_cv_path_mkdir=/usr/bin/mkdir
ac_cv_prog_AWK=mawk
ac_cv_prog_CXXCPP='g++ -E'
ac_cv_prog_MYMAKEINFO=yes
ac_cv_prog_ac_ct_CC=gcc
ac_cv_prog_ac_ct_CXX=g++
ac_cv_prog_ac_ct_RANLIB=ranlib
ac_cv_prog_cc_c89=
ac_cv_prog_cc_g=yes
ac_cv_prog_cxx_g=yes
ac_cv_prog_make_make_set=yes
ac_cv_search_FFT=no
ac_cv_search___gmpz_init=-lgmp
ac_cv_search_pow='none required'
ac_cv_type__Bool=no
am_cv_CC_dependencies_compiler_type=gcc3
am_cv_CXX_dependencies_compiler_type=gcc3
am_cv_make_support_nested_variables=yes
am_cv_prog_cc_c_o=yes

## ----------------- ##
## Output variables. ##
## ----------------- ##

ACLOCAL='${SHELL} /home/el18018/Desktop/libg2hec/missing aclocal-1.16'
AMDEPBACKSLASH='\'
AMDEP_FALSE='#'
AMDEP_TRUE=''
AMTAR='$${TAR-tar}'
AM_BACKSLASH='\'
AM_DEFAULT_V='$(AM_DEFAULT_VERBOSITY)'
AM_DEFAULT_VERBOSITY='1'
AM_V='$(V)'
AUTOCONF='${SHELL} /home/el18018/Desktop/libg2hec/missing autoconf'
AUTOHEADER='${SHELL} /home/el18018/Desktop/libg2hec/missing autoheader'
AUTOMAKE='${SHELL} /home/el18018/Desktop/libg2hec/missing automake-1.16'
AWK='mawk'
CC='gcc'
CCDEPMODE='depmode=gcc3'
CFLAGS='-g -O2'
CPPFLAGS=' -I/usr/local/include'
CXX='g++'
CXXCPP='g++ -E'
CXXDEPMODE='depmode=gcc3'
CXXFLAGS='-I/tmp/tmp.EeHbMbeQjO/include'
CYGPATH_W='echo'
DEFS='-DHAVE_CONFIG_H'
DEPDIR='.deps'
ECHO_C=''
ECHO_N='-n'
ECHO_T=''
EGREP='/usr/bin/grep -E'
EXEEXT=''
GREP='/usr/bin/grep'
INSTALL_DATA='${INSTALL} -m 644'
INSTALL_PROGRAM='${INSTALL}'
INSTALL_SCRIPT='${INSTALL}'
INSTALL_STRIP_PROGRAM='$(install_sh) -c -s'
LDFLAGS='-L/tmp/tmp.EeHbMbeQjO/lib'
LIBOBJS=''
LIBS='-lgmp  -L/usr/local/lib'
LTLIBOBJS=''
MAKEINFO='${SHELL} /home/el18018/Desktop/libg2hec/missing makeinfo'
MKDIR_P='/usr/bin/mkdir -p'
MYMAKEINFO='yes'
OBJEXT='o'
PACKAGE='g2hec-lib'
PACKAGE_BUGREPORT='Ning Shang <geek@cerias.net>'
PACKAGE_NAME='g2hec-lib'
PACKAGE_STRING='g2hec-lib 1.0.1'
PACKAGE_TARNAME='g2hec-lib'
PACKAGE_URL=''
PACKAGE_VERSION='1.0.1'
PATH_SEPARATOR=':'
RANLIB='ranlib'
SET_MAKE=''
SHELL='/bin/bash'
STRIP=''
VERSION='1.0.1'
ac_ct_CC='gcc'
ac_ct_CXX='g++'
am__EXEEXT_FALSE=''
am__EXEEXT_TRUE='#'
am__fastdepCC_FALSE='#'
am__fastdepCC_TRUE=''
am__fastdepCXX_FALSE='#'
am__fastdepCXX_TRUE=''
am__include='include'
am__isrc=''
am__leading_dot='.'
am__nodep='_no'
am__quote=''
am__tar='$${TAR-tar} chof - "$$tardir"'
am__untar='$${TAR-tar} xf -'
bindir='${exec_prefix}/bin'
build_alias=''
datadir='${datarootdir}'
datarootdir='${prefix}/share'
docdir='${datarootdir}/doc/${PACKAGE_TARNAME}'
dvidir='${docdir}'
exec_prefix='${prefix}'
host_alias=''
htmldir='${docdir}'
includedir='${prefix}/include'
infodir='${datarootdir}/info'
install_sh='${SHELL} /home/el18018/Desktop/libg2hec/install-sh'
libdir='${exec_prefix}/lib'
libexecdir='${exec_prefix}/libexec'
localedir='${datarootdir}/locale'
localstatedir='${prefix}/var'
mandir='${datarootdir}/man'
mkdir_p='$(MKDIR_P)'
oldincludedir='/usr/include'
pdfdir='${docdir}'
prefix='/tmp/tmp.EeHbMbeQjO'
program_transform_name='s,x,x,'
psdir='${docdir}'
runstatedir='${localstatedir}/run'
sbindir='${exec_prefix}/sbin'
sharedstatedir='${prefix}/com'
sysconfdir='${prefix}/etc'
target_alias=''

## ----------- ##
## confdefs.h. ##
## ----------- ##

/* confdefs.h */
#define PACKAGE_NAME "g2hec-lib"
#define PACKAGE_TARNAME "g2hec-lib"
#define PACKAGE_VERSION "1.0.1"
#define PACKAGE_STRING "g2hec-lib 1.0.1"
#define PACKAGE_BUGREPORT "Ning Shang <geek@cerias.net>"
#define PACKAGE_URL ""
#define PACKAGE "g2hec-lib"
#define VERSION "1.0.1"
#define STDC_HEADERS 1
#define HAVE_SYS_TYPES_H 1
#define HAVE_SYS_STAT_H 1
#define HAVE_STDLIB_H 1
#define HAVE_STRING_H 1
#define HAVE_MEMORY_H 1
#define HAVE_STRINGS_H 1
#define HAVE_INTTYPES_H 1
#define HAVE_STDINT_H 1
#define HAVE_UNISTD_H 1

configure: exit 0

## ---------------------- ##
## Running config.status. ##
## ---------------------- ##

This file was extended by g2hec-lib config.status 1.0.1, which was
generated by GNU Autoconf 2.69.  Invocation command line was

  CONFIG_FILES    = 
  CONFIG_HEADERS  = 
  CONFIG_LINKS    = 
  CONFIG_COMMANDS = 
  $ ./config.status 

on el18018-VirtualBox

config.status:859: creating Makefile
config.status:859: creating src/Makefile
config.status:859: creating doc/Makefile
config.status:859: creating config.h
config.status:1040: config.h is unchanged
config.status:1088: executing depfiles commands
config.status:1165: cd .       && sed -e '/# am--include-marker/d' Makefile         | make -f - am--depfiles
make[4]: Entering directory '/home/el18018/Desktop/libg2hec'
make[4]: Leaving directory '/home/el18018/Desktop/libg2hec'
config.status:1170: $? = 0
config.status:1165: cd src       && sed -e '/# am--include-marker/d' Makefile         | make -f - am--depfiles
make[4]: Entering directory '/home/el18018/Desktop/libg2hec/src'
make[4]: Leaving directory '/home/el18018/Desktop/libg2hec/src'
config.status:1170: $? = 0
